mode: set
github.com/JMURv/service-discovery/internal/hdl/grpc/grpc.go:32.30,39.2 3 1
github.com/JMURv/service-discovery/internal/hdl/grpc/grpc.go:41.35,44.16 3 0
github.com/JMURv/service-discovery/internal/hdl/grpc/grpc.go:44.16,46.3 1 0
github.com/JMURv/service-discovery/internal/hdl/grpc/grpc.go:48.2,48.29 1 0
github.com/JMURv/service-discovery/internal/hdl/grpc/grpc.go:51.33,54.2 2 0
github.com/JMURv/service-discovery/internal/hdl/grpc/grpc.go:56.95,57.55 1 1
github.com/JMURv/service-discovery/internal/hdl/grpc/grpc.go:57.55,60.3 2 1
github.com/JMURv/service-discovery/internal/hdl/grpc/grpc.go:62.2,63.57 2 1
github.com/JMURv/service-discovery/internal/hdl/grpc/grpc.go:63.57,65.3 1 1
github.com/JMURv/service-discovery/internal/hdl/grpc/grpc.go:65.8,65.23 1 1
github.com/JMURv/service-discovery/internal/hdl/grpc/grpc.go:65.23,67.3 1 1
github.com/JMURv/service-discovery/internal/hdl/grpc/grpc.go:69.2,69.25 1 1
github.com/JMURv/service-discovery/internal/hdl/grpc/grpc.go:72.97,73.55 1 1
github.com/JMURv/service-discovery/internal/hdl/grpc/grpc.go:73.55,76.3 2 1
github.com/JMURv/service-discovery/internal/hdl/grpc/grpc.go:78.2,79.52 2 1
github.com/JMURv/service-discovery/internal/hdl/grpc/grpc.go:79.52,81.3 1 1
github.com/JMURv/service-discovery/internal/hdl/grpc/grpc.go:81.8,81.23 1 1
github.com/JMURv/service-discovery/internal/hdl/grpc/grpc.go:81.23,83.3 1 1
github.com/JMURv/service-discovery/internal/hdl/grpc/grpc.go:85.2,85.25 1 1
github.com/JMURv/service-discovery/internal/hdl/grpc/grpc.go:88.107,89.34 1 1
github.com/JMURv/service-discovery/internal/hdl/grpc/grpc.go:89.34,92.3 2 1
github.com/JMURv/service-discovery/internal/hdl/grpc/grpc.go:94.2,95.52 2 1
github.com/JMURv/service-discovery/internal/hdl/grpc/grpc.go:95.52,97.3 1 1
github.com/JMURv/service-discovery/internal/hdl/grpc/grpc.go:97.8,97.23 1 1
github.com/JMURv/service-discovery/internal/hdl/grpc/grpc.go:97.23,99.3 1 1
github.com/JMURv/service-discovery/internal/hdl/grpc/grpc.go:101.2,103.8 1 1
github.com/JMURv/service-discovery/internal/hdl/grpc/grpc.go:106.94,108.16 2 1
github.com/JMURv/service-discovery/internal/hdl/grpc/grpc.go:108.16,110.3 1 1
github.com/JMURv/service-discovery/internal/hdl/grpc/grpc.go:112.2,114.8 1 1
github.com/JMURv/service-discovery/internal/hdl/grpc/grpc.go:117.100,118.34 1 1
github.com/JMURv/service-discovery/internal/hdl/grpc/grpc.go:118.34,121.3 2 1
github.com/JMURv/service-discovery/internal/hdl/grpc/grpc.go:123.2,124.52 2 1
github.com/JMURv/service-discovery/internal/hdl/grpc/grpc.go:124.52,126.3 1 1
github.com/JMURv/service-discovery/internal/hdl/grpc/grpc.go:126.8,126.23 1 1
github.com/JMURv/service-discovery/internal/hdl/grpc/grpc.go:126.23,128.3 1 1
github.com/JMURv/service-discovery/internal/hdl/grpc/grpc.go:130.2,132.8 1 1
