mode: set
github.com/JMURv/service-discovery/internal/ctrl/mocks/mock_repos.go:31.85,35.2 3 0
github.com/JMURv/service-discovery/internal/ctrl/mocks/mock_repos.go:38.83,40.2 1 0
github.com/JMURv/service-discovery/internal/ctrl/mocks/mock_repos.go:43.93,48.2 4 0
github.com/JMURv/service-discovery/internal/ctrl/mocks/mock_repos.go:51.94,54.2 2 0
github.com/JMURv/service-discovery/internal/ctrl/mocks/mock_repos.go:57.104,63.2 5 0
github.com/JMURv/service-discovery/internal/ctrl/mocks/mock_repos.go:66.95,69.2 2 0
github.com/JMURv/service-discovery/internal/ctrl/mocks/mock_repos.go:72.98,78.2 5 0
github.com/JMURv/service-discovery/internal/ctrl/mocks/mock_repos.go:81.87,84.2 2 0
github.com/JMURv/service-discovery/internal/ctrl/mocks/mock_repos.go:87.88,93.2 5 0
github.com/JMURv/service-discovery/internal/ctrl/mocks/mock_repos.go:96.84,99.2 2 0
github.com/JMURv/service-discovery/internal/ctrl/mocks/mock_repos.go:102.91,107.2 4 0
github.com/JMURv/service-discovery/internal/ctrl/mocks/mock_repos.go:110.92,113.2 2 0
github.com/JMURv/service-discovery/internal/ctrl/ctrl.go:22.49,26.2 1 1
github.com/JMURv/service-discovery/internal/ctrl/ctrl.go:28.77,30.57 2 1
github.com/JMURv/service-discovery/internal/ctrl/ctrl.go:30.57,36.3 2 1
github.com/JMURv/service-discovery/internal/ctrl/ctrl.go:36.8,36.23 1 1
github.com/JMURv/service-discovery/internal/ctrl/ctrl.go:36.23,42.3 2 1
github.com/JMURv/service-discovery/internal/ctrl/ctrl.go:44.2,48.12 2 1
github.com/JMURv/service-discovery/internal/ctrl/ctrl.go:51.79,53.52 2 1
github.com/JMURv/service-discovery/internal/ctrl/ctrl.go:53.52,59.3 2 1
github.com/JMURv/service-discovery/internal/ctrl/ctrl.go:59.8,59.23 1 1
github.com/JMURv/service-discovery/internal/ctrl/ctrl.go:59.23,65.3 2 1
github.com/JMURv/service-discovery/internal/ctrl/ctrl.go:67.2,67.12 1 1
github.com/JMURv/service-discovery/internal/ctrl/ctrl.go:70.90,72.52 2 1
github.com/JMURv/service-discovery/internal/ctrl/ctrl.go:72.52,78.3 2 1
github.com/JMURv/service-discovery/internal/ctrl/ctrl.go:78.8,78.23 1 1
github.com/JMURv/service-discovery/internal/ctrl/ctrl.go:78.23,84.3 2 1
github.com/JMURv/service-discovery/internal/ctrl/ctrl.go:86.2,86.18 1 1
github.com/JMURv/service-discovery/internal/ctrl/ctrl.go:89.74,91.16 2 1
github.com/JMURv/service-discovery/internal/ctrl/ctrl.go:91.16,94.3 2 1
github.com/JMURv/service-discovery/internal/ctrl/ctrl.go:96.2,96.18 1 1
github.com/JMURv/service-discovery/internal/ctrl/ctrl.go:99.84,101.52 2 1
github.com/JMURv/service-discovery/internal/ctrl/ctrl.go:101.52,104.3 2 1
github.com/JMURv/service-discovery/internal/ctrl/ctrl.go:104.8,104.23 1 1
github.com/JMURv/service-discovery/internal/ctrl/ctrl.go:104.23,110.3 2 1
github.com/JMURv/service-discovery/internal/ctrl/ctrl.go:112.2,112.18 1 1
github.com/JMURv/service-discovery/internal/ctrl/mocks/mock_repos.go:31.85,35.2 3 1
github.com/JMURv/service-discovery/internal/ctrl/mocks/mock_repos.go:38.83,40.2 1 1
github.com/JMURv/service-discovery/internal/ctrl/mocks/mock_repos.go:43.93,48.2 4 1
github.com/JMURv/service-discovery/internal/ctrl/mocks/mock_repos.go:51.94,54.2 2 1
github.com/JMURv/service-discovery/internal/ctrl/mocks/mock_repos.go:57.104,63.2 5 1
github.com/JMURv/service-discovery/internal/ctrl/mocks/mock_repos.go:66.95,69.2 2 1
github.com/JMURv/service-discovery/internal/ctrl/mocks/mock_repos.go:72.98,78.2 5 1
github.com/JMURv/service-discovery/internal/ctrl/mocks/mock_repos.go:81.87,84.2 2 1
github.com/JMURv/service-discovery/internal/ctrl/mocks/mock_repos.go:87.88,93.2 5 1
github.com/JMURv/service-discovery/internal/ctrl/mocks/mock_repos.go:96.84,99.2 2 1
github.com/JMURv/service-discovery/internal/ctrl/mocks/mock_repos.go:102.91,107.2 4 1
github.com/JMURv/service-discovery/internal/ctrl/mocks/mock_repos.go:110.92,113.2 2 1
