mode: set
github.com/JMURv/service-discovery/internal/hdl/http/http.go:24.35,28.2 1 1
github.com/JMURv/service-discovery/internal/hdl/http/http.go:30.35,49.47 10 0
github.com/JMURv/service-discovery/internal/hdl/http/http.go:49.47,51.3 1 0
github.com/JMURv/service-discovery/internal/hdl/http/http.go:54.33,55.61 1 0
github.com/JMURv/service-discovery/internal/hdl/http/http.go:55.61,57.3 1 0
github.com/JMURv/service-discovery/internal/hdl/http/http.go:58.2,58.12 1 0
github.com/JMURv/service-discovery/internal/hdl/http/http.go:61.71,63.2 1 0
github.com/JMURv/service-discovery/internal/hdl/http/http.go:65.68,67.57 2 0
github.com/JMURv/service-discovery/internal/hdl/http/http.go:67.57,70.3 2 0
github.com/JMURv/service-discovery/internal/hdl/http/http.go:70.8,70.23 1 0
github.com/JMURv/service-discovery/internal/hdl/http/http.go:70.23,73.3 2 0
github.com/JMURv/service-discovery/internal/hdl/http/http.go:75.2,75.47 1 0
github.com/JMURv/service-discovery/internal/hdl/http/http.go:78.69,80.60 2 0
github.com/JMURv/service-discovery/internal/hdl/http/http.go:80.60,84.3 3 0
github.com/JMURv/service-discovery/internal/hdl/http/http.go:86.2,86.20 1 0
github.com/JMURv/service-discovery/internal/hdl/http/http.go:86.20,90.3 3 0
github.com/JMURv/service-discovery/internal/hdl/http/http.go:92.2,93.57 2 0
github.com/JMURv/service-discovery/internal/hdl/http/http.go:93.57,96.3 2 0
github.com/JMURv/service-discovery/internal/hdl/http/http.go:96.8,96.23 1 0
github.com/JMURv/service-discovery/internal/hdl/http/http.go:96.23,99.3 2 0
github.com/JMURv/service-discovery/internal/hdl/http/http.go:101.2,101.47 1 0
github.com/JMURv/service-discovery/internal/hdl/http/http.go:104.68,106.60 2 1
github.com/JMURv/service-discovery/internal/hdl/http/http.go:106.60,110.3 3 1
github.com/JMURv/service-discovery/internal/hdl/http/http.go:112.2,112.20 1 1
github.com/JMURv/service-discovery/internal/hdl/http/http.go:112.20,116.3 3 1
github.com/JMURv/service-discovery/internal/hdl/http/http.go:116.8,116.30 1 1
github.com/JMURv/service-discovery/internal/hdl/http/http.go:116.30,120.3 3 1
github.com/JMURv/service-discovery/internal/hdl/http/http.go:122.2,123.57 2 1
github.com/JMURv/service-discovery/internal/hdl/http/http.go:123.57,126.3 2 1
github.com/JMURv/service-discovery/internal/hdl/http/http.go:126.8,126.23 1 1
github.com/JMURv/service-discovery/internal/hdl/http/http.go:126.23,129.3 2 1
github.com/JMURv/service-discovery/internal/hdl/http/http.go:131.2,131.52 1 1
github.com/JMURv/service-discovery/internal/hdl/http/http.go:134.70,136.60 2 0
github.com/JMURv/service-discovery/internal/hdl/http/http.go:136.60,140.3 3 0
github.com/JMURv/service-discovery/internal/hdl/http/http.go:142.2,142.20 1 0
github.com/JMURv/service-discovery/internal/hdl/http/http.go:142.20,146.3 3 0
github.com/JMURv/service-discovery/internal/hdl/http/http.go:146.8,146.30 1 0
github.com/JMURv/service-discovery/internal/hdl/http/http.go:146.30,150.3 3 0
github.com/JMURv/service-discovery/internal/hdl/http/http.go:152.2,153.52 2 0
github.com/JMURv/service-discovery/internal/hdl/http/http.go:153.52,156.3 2 0
github.com/JMURv/service-discovery/internal/hdl/http/http.go:156.8,156.23 1 0
github.com/JMURv/service-discovery/internal/hdl/http/http.go:156.23,159.3 2 0
github.com/JMURv/service-discovery/internal/hdl/http/http.go:161.2,161.47 1 0
github.com/JMURv/service-discovery/internal/hdl/http/http.go:164.64,166.60 2 0
github.com/JMURv/service-discovery/internal/hdl/http/http.go:166.60,170.3 3 0
github.com/JMURv/service-discovery/internal/hdl/http/http.go:172.2,172.20 1 0
github.com/JMURv/service-discovery/internal/hdl/http/http.go:172.20,176.3 3 0
github.com/JMURv/service-discovery/internal/hdl/http/http.go:178.2,179.52 2 0
github.com/JMURv/service-discovery/internal/hdl/http/http.go:179.52,182.3 2 0
github.com/JMURv/service-discovery/internal/hdl/http/http.go:182.8,182.23 1 0
github.com/JMURv/service-discovery/internal/hdl/http/http.go:182.23,185.3 2 0
github.com/JMURv/service-discovery/internal/hdl/http/http.go:187.2,187.46 1 0
